0 info it worked if it ends with ok
1 verbose cli [ 'node',
1 verbose cli   '/usr/local/bin/npm',
1 verbose cli   'run',
1 verbose cli   'dev',
1 verbose cli   '--',
1 verbose cli   '-e',
1 verbose cli   'sayawan:twitter' ]
2 info using npm@2.13.2
3 info using node@v0.12.0
4 verbose run-script [ 'predev', 'dev', 'postdev' ]
5 info predev famous-framework@0.12.1
6 info dev famous-framework@0.12.1
7 verbose unsafe-perm in lifecycle true
8 info famous-framework@0.12.1 Failed to exec dev script
9 verbose stack Error: famous-framework@0.12.1 dev: `node bin/famous-framework.js local-only-bootstrap --sourceFolder=lib/core-components --destinationFolder=dev/local-workspace/build --servedFolder=dev/local-workspace --port=1618 "-e" "sayawan:twitter"`
9 verbose stack Exit status 1
9 verbose stack     at EventEmitter.<anonymous> (/usr/local/lib/node_modules/npm/lib/utils/lifecycle.js:214:16)
9 verbose stack     at EventEmitter.emit (events.js:110:17)
9 verbose stack     at ChildProcess.<anonymous> (/usr/local/lib/node_modules/npm/lib/utils/spawn.js:24:14)
9 verbose stack     at ChildProcess.emit (events.js:110:17)
9 verbose stack     at maybeClose (child_process.js:1008:16)
9 verbose stack     at Process.ChildProcess._handle.onexit (child_process.js:1080:5)
10 verbose pkgid famous-framework@0.12.1
11 verbose cwd /Users/rubyist/famous/framework/lib/core-components/sayawan/twitter
12 error Darwin 14.5.0
13 error argv "node" "/usr/local/bin/npm" "run" "dev" "--" "-e" "sayawan:twitter"
14 error node v0.12.0
15 error npm  v2.13.2
16 error code ELIFECYCLE
17 error famous-framework@0.12.1 dev: `node bin/famous-framework.js local-only-bootstrap --sourceFolder=lib/core-components --destinationFolder=dev/local-workspace/build --servedFolder=dev/local-workspace --port=1618 "-e" "sayawan:twitter"`
17 error Exit status 1
18 error Failed at the famous-framework@0.12.1 dev script 'node bin/famous-framework.js local-only-bootstrap --sourceFolder=lib/core-components --destinationFolder=dev/local-workspace/build --servedFolder=dev/local-workspace --port=1618 "-e" "sayawan:twitter"'.
18 error This is most likely a problem with the famous-framework package,
18 error not with npm itself.
18 error Tell the author that this fails on your system:
18 error     node bin/famous-framework.js local-only-bootstrap --sourceFolder=lib/core-components --destinationFolder=dev/local-workspace/build --servedFolder=dev/local-workspace --port=1618 "-e" "sayawan:twitter"
18 error You can get their info via:
18 error     npm owner ls famous-framework
18 error There is likely additional logging output above.
19 verbose exit [ 1, true ]
